<?xml version="1.0" encoding="UTF-8"?>
<testsuite xmlns:xsi="http://www.w3.org/2001/XMLSchema-instance" xsi:noNamespaceSchemaLocation="https://maven.apache.org/surefire/maven-surefire-plugin/xsd/surefire-test-report.xsd" name="com.example.SciApplicationTests" time="7.565" tests="2" errors="1" skipped="0" failures="0">
  <properties>
    <property name="sun.desktop" value="windows"/>
    <property name="awt.toolkit" value="sun.awt.windows.WToolkit"/>
    <property name="file.encoding.pkg" value="sun.io"/>
    <property name="java.specification.version" value="1.8"/>
    <property name="sun.cpu.isalist" value="amd64"/>
    <property name="sun.jnu.encoding" value="GBK"/>
    <property name="java.class.path" value="C:\Users\Myh\Desktop\java\Sci\target\test-classes;C:\Users\Myh\Desktop\java\Sci\target\classes;C:\develop\apache-maven-3.6.1\mvn_repo\org\springframework\boot\spring-boot-starter-web\2.7.5\spring-boot-starter-web-2.7.5.jar;C:\develop\apache-maven-3.6.1\mvn_repo\org\springframework\boot\spring-boot-starter\2.7.5\spring-boot-starter-2.7.5.jar;C:\develop\apache-maven-3.6.1\mvn_repo\org\springframework\boot\spring-boot\2.7.5\spring-boot-2.7.5.jar;C:\develop\apache-maven-3.6.1\mvn_repo\org\springframework\boot\spring-boot-starter-logging\2.7.5\spring-boot-starter-logging-2.7.5.jar;C:\develop\apache-maven-3.6.1\mvn_repo\ch\qos\logback\logback-classic\1.2.11\logback-classic-1.2.11.jar;C:\develop\apache-maven-3.6.1\mvn_repo\ch\qos\logback\logback-core\1.2.11\logback-core-1.2.11.jar;C:\develop\apache-maven-3.6.1\mvn_repo\org\apache\logging\log4j\log4j-to-slf4j\2.17.2\log4j-to-slf4j-2.17.2.jar;C:\develop\apache-maven-3.6.1\mvn_repo\org\apache\logging\log4j\log4j-api\2.17.2\log4j-api-2.17.2.jar;C:\develop\apache-maven-3.6.1\mvn_repo\org\slf4j\jul-to-slf4j\1.7.36\jul-to-slf4j-1.7.36.jar;C:\develop\apache-maven-3.6.1\mvn_repo\jakarta\annotation\jakarta.annotation-api\1.3.5\jakarta.annotation-api-1.3.5.jar;C:\develop\apache-maven-3.6.1\mvn_repo\org\yaml\snakeyaml\1.30\snakeyaml-1.30.jar;C:\develop\apache-maven-3.6.1\mvn_repo\org\springframework\boot\spring-boot-starter-json\2.7.5\spring-boot-starter-json-2.7.5.jar;C:\develop\apache-maven-3.6.1\mvn_repo\com\fasterxml\jackson\datatype\jackson-datatype-jdk8\2.13.4\jackson-datatype-jdk8-2.13.4.jar;C:\develop\apache-maven-3.6.1\mvn_repo\com\fasterxml\jackson\datatype\jackson-datatype-jsr310\2.13.4\jackson-datatype-jsr310-2.13.4.jar;C:\develop\apache-maven-3.6.1\mvn_repo\com\fasterxml\jackson\module\jackson-module-parameter-names\2.13.4\jackson-module-parameter-names-2.13.4.jar;C:\develop\apache-maven-3.6.1\mvn_repo\org\springframework\boot\spring-boot-starter-tomcat\2.7.5\spring-boot-starter-tomcat-2.7.5.jar;C:\develop\apache-maven-3.6.1\mvn_repo\org\apache\tomcat\embed\tomcat-embed-core\9.0.68\tomcat-embed-core-9.0.68.jar;C:\develop\apache-maven-3.6.1\mvn_repo\org\apache\tomcat\embed\tomcat-embed-el\9.0.68\tomcat-embed-el-9.0.68.jar;C:\develop\apache-maven-3.6.1\mvn_repo\org\apache\tomcat\embed\tomcat-embed-websocket\9.0.68\tomcat-embed-websocket-9.0.68.jar;C:\develop\apache-maven-3.6.1\mvn_repo\org\springframework\spring-web\5.3.23\spring-web-5.3.23.jar;C:\develop\apache-maven-3.6.1\mvn_repo\org\springframework\spring-beans\5.3.23\spring-beans-5.3.23.jar;C:\develop\apache-maven-3.6.1\mvn_repo\org\springframework\spring-webmvc\5.3.23\spring-webmvc-5.3.23.jar;C:\develop\apache-maven-3.6.1\mvn_repo\org\springframework\spring-context\5.3.23\spring-context-5.3.23.jar;C:\develop\apache-maven-3.6.1\mvn_repo\org\springframework\spring-expression\5.3.23\spring-expression-5.3.23.jar;C:\develop\apache-maven-3.6.1\mvn_repo\com\baomidou\mybatis-plus-boot-starter\3.4.1\mybatis-plus-boot-starter-3.4.1.jar;C:\develop\apache-maven-3.6.1\mvn_repo\com\baomidou\mybatis-plus\3.4.1\mybatis-plus-3.4.1.jar;C:\develop\apache-maven-3.6.1\mvn_repo\com\baomidou\mybatis-plus-extension\3.4.1\mybatis-plus-extension-3.4.1.jar;C:\develop\apache-maven-3.6.1\mvn_repo\com\baomidou\mybatis-plus-core\3.4.1\mybatis-plus-core-3.4.1.jar;C:\develop\apache-maven-3.6.1\mvn_repo\com\baomidou\mybatis-plus-annotation\3.4.1\mybatis-plus-annotation-3.4.1.jar;C:\develop\apache-maven-3.6.1\mvn_repo\com\github\jsqlparser\jsqlparser\3.2\jsqlparser-3.2.jar;C:\develop\apache-maven-3.6.1\mvn_repo\org\mybatis\mybatis\3.5.6\mybatis-3.5.6.jar;C:\develop\apache-maven-3.6.1\mvn_repo\org\mybatis\mybatis-spring\2.0.5\mybatis-spring-2.0.5.jar;C:\develop\apache-maven-3.6.1\mvn_repo\org\springframework\boot\spring-boot-autoconfigure\2.7.5\spring-boot-autoconfigure-2.7.5.jar;C:\develop\apache-maven-3.6.1\mvn_repo\org\springframework\boot\spring-boot-starter-jdbc\2.7.5\spring-boot-starter-jdbc-2.7.5.jar;C:\develop\apache-maven-3.6.1\mvn_repo\com\zaxxer\HikariCP\4.0.3\HikariCP-4.0.3.jar;C:\develop\apache-maven-3.6.1\mvn_repo\org\springframework\spring-jdbc\5.3.23\spring-jdbc-5.3.23.jar;C:\develop\apache-maven-3.6.1\mvn_repo\org\springframework\spring-tx\5.3.23\spring-tx-5.3.23.jar;C:\develop\apache-maven-3.6.1\mvn_repo\com\mysql\mysql-connector-j\8.0.31\mysql-connector-j-8.0.31.jar;C:\develop\apache-maven-3.6.1\mvn_repo\redis\clients\jedis\3.8.0\jedis-3.8.0.jar;C:\develop\apache-maven-3.6.1\mvn_repo\org\slf4j\slf4j-api\1.7.36\slf4j-api-1.7.36.jar;C:\develop\apache-maven-3.6.1\mvn_repo\org\apache\commons\commons-pool2\2.11.1\commons-pool2-2.11.1.jar;C:\develop\apache-maven-3.6.1\mvn_repo\org\projectlombok\lombok\1.18.24\lombok-1.18.24.jar;C:\develop\apache-maven-3.6.1\mvn_repo\org\springframework\boot\spring-boot-starter-test\2.7.5\spring-boot-starter-test-2.7.5.jar;C:\develop\apache-maven-3.6.1\mvn_repo\org\springframework\boot\spring-boot-test\2.7.5\spring-boot-test-2.7.5.jar;C:\develop\apache-maven-3.6.1\mvn_repo\org\springframework\boot\spring-boot-test-autoconfigure\2.7.5\spring-boot-test-autoconfigure-2.7.5.jar;C:\develop\apache-maven-3.6.1\mvn_repo\com\jayway\jsonpath\json-path\2.7.0\json-path-2.7.0.jar;C:\develop\apache-maven-3.6.1\mvn_repo\net\minidev\json-smart\2.4.8\json-smart-2.4.8.jar;C:\develop\apache-maven-3.6.1\mvn_repo\net\minidev\accessors-smart\2.4.8\accessors-smart-2.4.8.jar;C:\develop\apache-maven-3.6.1\mvn_repo\org\ow2\asm\asm\9.1\asm-9.1.jar;C:\develop\apache-maven-3.6.1\mvn_repo\jakarta\xml\bind\jakarta.xml.bind-api\2.3.3\jakarta.xml.bind-api-2.3.3.jar;C:\develop\apache-maven-3.6.1\mvn_repo\jakarta\activation\jakarta.activation-api\1.2.2\jakarta.activation-api-1.2.2.jar;C:\develop\apache-maven-3.6.1\mvn_repo\org\assertj\assertj-core\3.22.0\assertj-core-3.22.0.jar;C:\develop\apache-maven-3.6.1\mvn_repo\org\hamcrest\hamcrest\2.2\hamcrest-2.2.jar;C:\develop\apache-maven-3.6.1\mvn_repo\org\junit\jupiter\junit-jupiter\5.8.2\junit-jupiter-5.8.2.jar;C:\develop\apache-maven-3.6.1\mvn_repo\org\junit\jupiter\junit-jupiter-api\5.8.2\junit-jupiter-api-5.8.2.jar;C:\develop\apache-maven-3.6.1\mvn_repo\org\opentest4j\opentest4j\1.2.0\opentest4j-1.2.0.jar;C:\develop\apache-maven-3.6.1\mvn_repo\org\junit\platform\junit-platform-commons\1.8.2\junit-platform-commons-1.8.2.jar;C:\develop\apache-maven-3.6.1\mvn_repo\org\apiguardian\apiguardian-api\1.1.2\apiguardian-api-1.1.2.jar;C:\develop\apache-maven-3.6.1\mvn_repo\org\junit\jupiter\junit-jupiter-params\5.8.2\junit-jupiter-params-5.8.2.jar;C:\develop\apache-maven-3.6.1\mvn_repo\org\junit\jupiter\junit-jupiter-engine\5.8.2\junit-jupiter-engine-5.8.2.jar;C:\develop\apache-maven-3.6.1\mvn_repo\org\junit\platform\junit-platform-engine\1.8.2\junit-platform-engine-1.8.2.jar;C:\develop\apache-maven-3.6.1\mvn_repo\org\mockito\mockito-core\4.5.1\mockito-core-4.5.1.jar;C:\develop\apache-maven-3.6.1\mvn_repo\net\bytebuddy\byte-buddy\1.12.18\byte-buddy-1.12.18.jar;C:\develop\apache-maven-3.6.1\mvn_repo\net\bytebuddy\byte-buddy-agent\1.12.18\byte-buddy-agent-1.12.18.jar;C:\develop\apache-maven-3.6.1\mvn_repo\org\objenesis\objenesis\3.2\objenesis-3.2.jar;C:\develop\apache-maven-3.6.1\mvn_repo\org\mockito\mockito-junit-jupiter\4.5.1\mockito-junit-jupiter-4.5.1.jar;C:\develop\apache-maven-3.6.1\mvn_repo\org\skyscreamer\jsonassert\1.5.1\jsonassert-1.5.1.jar;C:\develop\apache-maven-3.6.1\mvn_repo\com\vaadin\external\google\android-json\0.0.20131108.vaadin1\android-json-0.0.20131108.vaadin1.jar;C:\develop\apache-maven-3.6.1\mvn_repo\org\springframework\spring-core\5.3.23\spring-core-5.3.23.jar;C:\develop\apache-maven-3.6.1\mvn_repo\org\springframework\spring-jcl\5.3.23\spring-jcl-5.3.23.jar;C:\develop\apache-maven-3.6.1\mvn_repo\org\springframework\spring-test\5.3.23\spring-test-5.3.23.jar;C:\develop\apache-maven-3.6.1\mvn_repo\org\xmlunit\xmlunit-core\2.9.0\xmlunit-core-2.9.0.jar;C:\develop\apache-maven-3.6.1\mvn_repo\org\glassfish\jaxb\jaxb-runtime\2.3.3\jaxb-runtime-2.3.3.jar;C:\develop\apache-maven-3.6.1\mvn_repo\org\glassfish\jaxb\txw2\2.3.7\txw2-2.3.7.jar;C:\develop\apache-maven-3.6.1\mvn_repo\com\sun\istack\istack-commons-runtime\3.0.11\istack-commons-runtime-3.0.11.jar;C:\develop\apache-maven-3.6.1\mvn_repo\com\sun\activation\jakarta.activation\1.2.2\jakarta.activation-1.2.2.jar;C:\develop\apache-maven-3.6.1\mvn_repo\org\springframework\boot\spring-boot-configuration-processor\2.7.5\spring-boot-configuration-processor-2.7.5.jar;C:\develop\apache-maven-3.6.1\mvn_repo\io\jsonwebtoken\jjwt\0.9.1\jjwt-0.9.1.jar;C:\develop\apache-maven-3.6.1\mvn_repo\com\fasterxml\jackson\core\jackson-databind\2.13.4.2\jackson-databind-2.13.4.2.jar;C:\develop\apache-maven-3.6.1\mvn_repo\com\fasterxml\jackson\core\jackson-annotations\2.13.4\jackson-annotations-2.13.4.jar;C:\develop\apache-maven-3.6.1\mvn_repo\com\fasterxml\jackson\core\jackson-core\2.13.4\jackson-core-2.13.4.jar;C:\develop\apache-maven-3.6.1\mvn_repo\com\alibaba\fastjson\1.2.76\fastjson-1.2.76.jar;C:\develop\apache-maven-3.6.1\mvn_repo\org\springframework\boot\spring-boot-starter-aop\2.7.5\spring-boot-starter-aop-2.7.5.jar;C:\develop\apache-maven-3.6.1\mvn_repo\org\springframework\spring-aop\5.3.23\spring-aop-5.3.23.jar;C:\develop\apache-maven-3.6.1\mvn_repo\org\aspectj\aspectjweaver\1.9.7\aspectjweaver-1.9.7.jar;"/>
    <property name="java.vm.vendor" value="Oracle Corporation"/>
    <property name="sun.arch.data.model" value="64"/>
    <property name="user.variant" value=""/>
    <property name="java.vendor.url" value="http://java.oracle.com/"/>
    <property name="user.timezone" value="Asia/Shanghai"/>
    <property name="java.vm.specification.version" value="1.8"/>
    <property name="os.name" value="Windows 11"/>
    <property name="user.country" value="CN"/>
    <property name="sun.java.launcher" value="SUN_STANDARD"/>
    <property name="sun.boot.library.path" value="C:\Java\jdk-8\jre\bin"/>
    <property name="sun.java.command" value="C:\Users\Myh\AppData\Local\Temp\surefire4977411528339623372\surefirebooter2325535729213482893.jar C:\Users\Myh\AppData\Local\Temp\surefire4977411528339623372 2023-08-07T22-13-25_541-jvmRun1 surefire3304211655098818279tmp surefire_07005406152501148341tmp"/>
    <property name="surefire.test.class.path" value="C:\Users\Myh\Desktop\java\Sci\target\test-classes;C:\Users\Myh\Desktop\java\Sci\target\classes;C:\develop\apache-maven-3.6.1\mvn_repo\org\springframework\boot\spring-boot-starter-web\2.7.5\spring-boot-starter-web-2.7.5.jar;C:\develop\apache-maven-3.6.1\mvn_repo\org\springframework\boot\spring-boot-starter\2.7.5\spring-boot-starter-2.7.5.jar;C:\develop\apache-maven-3.6.1\mvn_repo\org\springframework\boot\spring-boot\2.7.5\spring-boot-2.7.5.jar;C:\develop\apache-maven-3.6.1\mvn_repo\org\springframework\boot\spring-boot-starter-logging\2.7.5\spring-boot-starter-logging-2.7.5.jar;C:\develop\apache-maven-3.6.1\mvn_repo\ch\qos\logback\logback-classic\1.2.11\logback-classic-1.2.11.jar;C:\develop\apache-maven-3.6.1\mvn_repo\ch\qos\logback\logback-core\1.2.11\logback-core-1.2.11.jar;C:\develop\apache-maven-3.6.1\mvn_repo\org\apache\logging\log4j\log4j-to-slf4j\2.17.2\log4j-to-slf4j-2.17.2.jar;C:\develop\apache-maven-3.6.1\mvn_repo\org\apache\logging\log4j\log4j-api\2.17.2\log4j-api-2.17.2.jar;C:\develop\apache-maven-3.6.1\mvn_repo\org\slf4j\jul-to-slf4j\1.7.36\jul-to-slf4j-1.7.36.jar;C:\develop\apache-maven-3.6.1\mvn_repo\jakarta\annotation\jakarta.annotation-api\1.3.5\jakarta.annotation-api-1.3.5.jar;C:\develop\apache-maven-3.6.1\mvn_repo\org\yaml\snakeyaml\1.30\snakeyaml-1.30.jar;C:\develop\apache-maven-3.6.1\mvn_repo\org\springframework\boot\spring-boot-starter-json\2.7.5\spring-boot-starter-json-2.7.5.jar;C:\develop\apache-maven-3.6.1\mvn_repo\com\fasterxml\jackson\datatype\jackson-datatype-jdk8\2.13.4\jackson-datatype-jdk8-2.13.4.jar;C:\develop\apache-maven-3.6.1\mvn_repo\com\fasterxml\jackson\datatype\jackson-datatype-jsr310\2.13.4\jackson-datatype-jsr310-2.13.4.jar;C:\develop\apache-maven-3.6.1\mvn_repo\com\fasterxml\jackson\module\jackson-module-parameter-names\2.13.4\jackson-module-parameter-names-2.13.4.jar;C:\develop\apache-maven-3.6.1\mvn_repo\org\springframework\boot\spring-boot-starter-tomcat\2.7.5\spring-boot-starter-tomcat-2.7.5.jar;C:\develop\apache-maven-3.6.1\mvn_repo\org\apache\tomcat\embed\tomcat-embed-core\9.0.68\tomcat-embed-core-9.0.68.jar;C:\develop\apache-maven-3.6.1\mvn_repo\org\apache\tomcat\embed\tomcat-embed-el\9.0.68\tomcat-embed-el-9.0.68.jar;C:\develop\apache-maven-3.6.1\mvn_repo\org\apache\tomcat\embed\tomcat-embed-websocket\9.0.68\tomcat-embed-websocket-9.0.68.jar;C:\develop\apache-maven-3.6.1\mvn_repo\org\springframework\spring-web\5.3.23\spring-web-5.3.23.jar;C:\develop\apache-maven-3.6.1\mvn_repo\org\springframework\spring-beans\5.3.23\spring-beans-5.3.23.jar;C:\develop\apache-maven-3.6.1\mvn_repo\org\springframework\spring-webmvc\5.3.23\spring-webmvc-5.3.23.jar;C:\develop\apache-maven-3.6.1\mvn_repo\org\springframework\spring-context\5.3.23\spring-context-5.3.23.jar;C:\develop\apache-maven-3.6.1\mvn_repo\org\springframework\spring-expression\5.3.23\spring-expression-5.3.23.jar;C:\develop\apache-maven-3.6.1\mvn_repo\com\baomidou\mybatis-plus-boot-starter\3.4.1\mybatis-plus-boot-starter-3.4.1.jar;C:\develop\apache-maven-3.6.1\mvn_repo\com\baomidou\mybatis-plus\3.4.1\mybatis-plus-3.4.1.jar;C:\develop\apache-maven-3.6.1\mvn_repo\com\baomidou\mybatis-plus-extension\3.4.1\mybatis-plus-extension-3.4.1.jar;C:\develop\apache-maven-3.6.1\mvn_repo\com\baomidou\mybatis-plus-core\3.4.1\mybatis-plus-core-3.4.1.jar;C:\develop\apache-maven-3.6.1\mvn_repo\com\baomidou\mybatis-plus-annotation\3.4.1\mybatis-plus-annotation-3.4.1.jar;C:\develop\apache-maven-3.6.1\mvn_repo\com\github\jsqlparser\jsqlparser\3.2\jsqlparser-3.2.jar;C:\develop\apache-maven-3.6.1\mvn_repo\org\mybatis\mybatis\3.5.6\mybatis-3.5.6.jar;C:\develop\apache-maven-3.6.1\mvn_repo\org\mybatis\mybatis-spring\2.0.5\mybatis-spring-2.0.5.jar;C:\develop\apache-maven-3.6.1\mvn_repo\org\springframework\boot\spring-boot-autoconfigure\2.7.5\spring-boot-autoconfigure-2.7.5.jar;C:\develop\apache-maven-3.6.1\mvn_repo\org\springframework\boot\spring-boot-starter-jdbc\2.7.5\spring-boot-starter-jdbc-2.7.5.jar;C:\develop\apache-maven-3.6.1\mvn_repo\com\zaxxer\HikariCP\4.0.3\HikariCP-4.0.3.jar;C:\develop\apache-maven-3.6.1\mvn_repo\org\springframework\spring-jdbc\5.3.23\spring-jdbc-5.3.23.jar;C:\develop\apache-maven-3.6.1\mvn_repo\org\springframework\spring-tx\5.3.23\spring-tx-5.3.23.jar;C:\develop\apache-maven-3.6.1\mvn_repo\com\mysql\mysql-connector-j\8.0.31\mysql-connector-j-8.0.31.jar;C:\develop\apache-maven-3.6.1\mvn_repo\redis\clients\jedis\3.8.0\jedis-3.8.0.jar;C:\develop\apache-maven-3.6.1\mvn_repo\org\slf4j\slf4j-api\1.7.36\slf4j-api-1.7.36.jar;C:\develop\apache-maven-3.6.1\mvn_repo\org\apache\commons\commons-pool2\2.11.1\commons-pool2-2.11.1.jar;C:\develop\apache-maven-3.6.1\mvn_repo\org\projectlombok\lombok\1.18.24\lombok-1.18.24.jar;C:\develop\apache-maven-3.6.1\mvn_repo\org\springframework\boot\spring-boot-starter-test\2.7.5\spring-boot-starter-test-2.7.5.jar;C:\develop\apache-maven-3.6.1\mvn_repo\org\springframework\boot\spring-boot-test\2.7.5\spring-boot-test-2.7.5.jar;C:\develop\apache-maven-3.6.1\mvn_repo\org\springframework\boot\spring-boot-test-autoconfigure\2.7.5\spring-boot-test-autoconfigure-2.7.5.jar;C:\develop\apache-maven-3.6.1\mvn_repo\com\jayway\jsonpath\json-path\2.7.0\json-path-2.7.0.jar;C:\develop\apache-maven-3.6.1\mvn_repo\net\minidev\json-smart\2.4.8\json-smart-2.4.8.jar;C:\develop\apache-maven-3.6.1\mvn_repo\net\minidev\accessors-smart\2.4.8\accessors-smart-2.4.8.jar;C:\develop\apache-maven-3.6.1\mvn_repo\org\ow2\asm\asm\9.1\asm-9.1.jar;C:\develop\apache-maven-3.6.1\mvn_repo\jakarta\xml\bind\jakarta.xml.bind-api\2.3.3\jakarta.xml.bind-api-2.3.3.jar;C:\develop\apache-maven-3.6.1\mvn_repo\jakarta\activation\jakarta.activation-api\1.2.2\jakarta.activation-api-1.2.2.jar;C:\develop\apache-maven-3.6.1\mvn_repo\org\assertj\assertj-core\3.22.0\assertj-core-3.22.0.jar;C:\develop\apache-maven-3.6.1\mvn_repo\org\hamcrest\hamcrest\2.2\hamcrest-2.2.jar;C:\develop\apache-maven-3.6.1\mvn_repo\org\junit\jupiter\junit-jupiter\5.8.2\junit-jupiter-5.8.2.jar;C:\develop\apache-maven-3.6.1\mvn_repo\org\junit\jupiter\junit-jupiter-api\5.8.2\junit-jupiter-api-5.8.2.jar;C:\develop\apache-maven-3.6.1\mvn_repo\org\opentest4j\opentest4j\1.2.0\opentest4j-1.2.0.jar;C:\develop\apache-maven-3.6.1\mvn_repo\org\junit\platform\junit-platform-commons\1.8.2\junit-platform-commons-1.8.2.jar;C:\develop\apache-maven-3.6.1\mvn_repo\org\apiguardian\apiguardian-api\1.1.2\apiguardian-api-1.1.2.jar;C:\develop\apache-maven-3.6.1\mvn_repo\org\junit\jupiter\junit-jupiter-params\5.8.2\junit-jupiter-params-5.8.2.jar;C:\develop\apache-maven-3.6.1\mvn_repo\org\junit\jupiter\junit-jupiter-engine\5.8.2\junit-jupiter-engine-5.8.2.jar;C:\develop\apache-maven-3.6.1\mvn_repo\org\junit\platform\junit-platform-engine\1.8.2\junit-platform-engine-1.8.2.jar;C:\develop\apache-maven-3.6.1\mvn_repo\org\mockito\mockito-core\4.5.1\mockito-core-4.5.1.jar;C:\develop\apache-maven-3.6.1\mvn_repo\net\bytebuddy\byte-buddy\1.12.18\byte-buddy-1.12.18.jar;C:\develop\apache-maven-3.6.1\mvn_repo\net\bytebuddy\byte-buddy-agent\1.12.18\byte-buddy-agent-1.12.18.jar;C:\develop\apache-maven-3.6.1\mvn_repo\org\objenesis\objenesis\3.2\objenesis-3.2.jar;C:\develop\apache-maven-3.6.1\mvn_repo\org\mockito\mockito-junit-jupiter\4.5.1\mockito-junit-jupiter-4.5.1.jar;C:\develop\apache-maven-3.6.1\mvn_repo\org\skyscreamer\jsonassert\1.5.1\jsonassert-1.5.1.jar;C:\develop\apache-maven-3.6.1\mvn_repo\com\vaadin\external\google\android-json\0.0.20131108.vaadin1\android-json-0.0.20131108.vaadin1.jar;C:\develop\apache-maven-3.6.1\mvn_repo\org\springframework\spring-core\5.3.23\spring-core-5.3.23.jar;C:\develop\apache-maven-3.6.1\mvn_repo\org\springframework\spring-jcl\5.3.23\spring-jcl-5.3.23.jar;C:\develop\apache-maven-3.6.1\mvn_repo\org\springframework\spring-test\5.3.23\spring-test-5.3.23.jar;C:\develop\apache-maven-3.6.1\mvn_repo\org\xmlunit\xmlunit-core\2.9.0\xmlunit-core-2.9.0.jar;C:\develop\apache-maven-3.6.1\mvn_repo\org\glassfish\jaxb\jaxb-runtime\2.3.3\jaxb-runtime-2.3.3.jar;C:\develop\apache-maven-3.6.1\mvn_repo\org\glassfish\jaxb\txw2\2.3.7\txw2-2.3.7.jar;C:\develop\apache-maven-3.6.1\mvn_repo\com\sun\istack\istack-commons-runtime\3.0.11\istack-commons-runtime-3.0.11.jar;C:\develop\apache-maven-3.6.1\mvn_repo\com\sun\activation\jakarta.activation\1.2.2\jakarta.activation-1.2.2.jar;C:\develop\apache-maven-3.6.1\mvn_repo\org\springframework\boot\spring-boot-configuration-processor\2.7.5\spring-boot-configuration-processor-2.7.5.jar;C:\develop\apache-maven-3.6.1\mvn_repo\io\jsonwebtoken\jjwt\0.9.1\jjwt-0.9.1.jar;C:\develop\apache-maven-3.6.1\mvn_repo\com\fasterxml\jackson\core\jackson-databind\2.13.4.2\jackson-databind-2.13.4.2.jar;C:\develop\apache-maven-3.6.1\mvn_repo\com\fasterxml\jackson\core\jackson-annotations\2.13.4\jackson-annotations-2.13.4.jar;C:\develop\apache-maven-3.6.1\mvn_repo\com\fasterxml\jackson\core\jackson-core\2.13.4\jackson-core-2.13.4.jar;C:\develop\apache-maven-3.6.1\mvn_repo\com\alibaba\fastjson\1.2.76\fastjson-1.2.76.jar;C:\develop\apache-maven-3.6.1\mvn_repo\org\springframework\boot\spring-boot-starter-aop\2.7.5\spring-boot-starter-aop-2.7.5.jar;C:\develop\apache-maven-3.6.1\mvn_repo\org\springframework\spring-aop\5.3.23\spring-aop-5.3.23.jar;C:\develop\apache-maven-3.6.1\mvn_repo\org\aspectj\aspectjweaver\1.9.7\aspectjweaver-1.9.7.jar;"/>
    <property name="sun.cpu.endian" value="little"/>
    <property name="user.home" value="C:\Users\Myh"/>
    <property name="user.language" value="zh"/>
    <property name="java.specification.vendor" value="Oracle Corporation"/>
    <property name="java.home" value="C:\Java\jdk-8\jre"/>
    <property name="basedir" value="C:\Users\Myh\Desktop\java\Sci"/>
    <property name="file.separator" value="\"/>
    <property name="line.separator" value="&#10;"/>
    <property name="java.vm.specification.vendor" value="Oracle Corporation"/>
    <property name="java.specification.name" value="Java Platform API Specification"/>
    <property name="java.awt.graphicsenv" value="sun.awt.Win32GraphicsEnvironment"/>
    <property name="surefire.real.class.path" value="C:\Users\Myh\AppData\Local\Temp\surefire4977411528339623372\surefirebooter2325535729213482893.jar"/>
    <property name="sun.boot.class.path" value="C:\Java\jdk-8\jre\lib\resources.jar;C:\Java\jdk-8\jre\lib\rt.jar;C:\Java\jdk-8\jre\lib\jsse.jar;C:\Java\jdk-8\jre\lib\jce.jar;C:\Java\jdk-8\jre\lib\charsets.jar;C:\Java\jdk-8\jre\lib\jfr.jar;C:\Java\jdk-8\jre\classes"/>
    <property name="user.script" value=""/>
    <property name="sun.management.compiler" value="HotSpot 64-Bit Tiered Compilers"/>
    <property name="java.runtime.version" value="1.8.0_381-b09"/>
    <property name="user.name" value="Myh"/>
    <property name="path.separator" value=";"/>
    <property name="os.version" value="10.0"/>
    <property name="java.endorsed.dirs" value="C:\Java\jdk-8\jre\lib\endorsed"/>
    <property name="java.runtime.name" value="Java(TM) SE Runtime Environment"/>
    <property name="file.encoding" value="GBK"/>
    <property name="java.vm.name" value="Java HotSpot(TM) 64-Bit Server VM"/>
    <property name="localRepository" value="C:\develop\apache-maven-3.6.1\mvn_repo"/>
    <property name="java.vendor.url.bug" value="http://bugreport.sun.com/bugreport/"/>
    <property name="java.io.tmpdir" value="C:\Users\Myh\AppData\Local\Temp\"/>
    <property name="java.version" value="1.8.0_381"/>
    <property name="user.dir" value="C:\Users\Myh\Desktop\java\Sci"/>
    <property name="os.arch" value="amd64"/>
    <property name="java.vm.specification.name" value="Java Virtual Machine Specification"/>
    <property name="java.awt.printerjob" value="sun.awt.windows.WPrinterJob"/>
    <property name="sun.os.patch.level" value=""/>
    <property name="java.library.path" value="C:\Java\jdk-8\jre\bin;C:\WINDOWS\Sun\Java\bin;C:\WINDOWS\system32;C:\WINDOWS;C:\Java\jdk-8\bin;C:\Java\jdk-8\jre\bin;D:\VMware\bin\;D:\myh\tool\oraclesetup\WINDOWS.X64_193000_db_home\bin;D:\myh\tool\oricel\bin;D:\myh\tool\orcleset\bin;C:\Program Files (x86)\Common Files\Intel\Shared Libraries\redist\intel64\compiler;C:\Program Files\PlasticSCM5\server;C:\Program Files\PlasticSCM5\client;C:\WINDOWS\system32;C:\WINDOWS;C:\WINDOWS\System32\Wbem;C:\WINDOWS\System32\WindowsPowerShell\v1.0\;C:\WINDOWS\System32\OpenSSH\;C:\Users\Myh\AppData\Roaming\nvm;C:\Program Files\nodejs;C:\Program Files\Git\cmd;C:\develop\apache-maven-3.6.1\bin;C:\Program Files\mysql-8.0.22-winx64\bin;D:\myh\tool\;C:\Program Files\Docker\Docker\resources\bin;C:\Program Files\Redis\;C:\Users\Myh\AppData\Local\Microsoft\WindowsApps;D:\myh\tool\Microsoft VS Code\bin;C:\Program Files (x86)\Tencent\QQGameTempest\Hall.57915\;C:\Users\Myh\AppData\Roaming\npm;C:\Users\Myh\AppData\Roaming\nvm;C:\Program Files\nodejs;;."/>
    <property name="java.vm.info" value="mixed mode"/>
    <property name="java.vendor" value="Oracle Corporation"/>
    <property name="java.vm.version" value="25.381-b09"/>
    <property name="java.specification.maintenance.version" value="5"/>
    <property name="java.ext.dirs" value="C:\Java\jdk-8\jre\lib\ext;C:\WINDOWS\Sun\Java\lib\ext"/>
    <property name="sun.io.unicode.encoding" value="UnicodeLittle"/>
    <property name="java.class.version" value="52.0"/>
  </properties>
  <testcase name="contextLoads" classname="com.example.SciApplicationTests" time="0.229"/>
  <testcase name="testSelectPage" classname="com.example.SciApplicationTests" time="4.137">
    <error message="nested exception is org.apache.ibatis.exceptions.PersistenceException: &#10;### Error querying database.  Cause: org.springframework.jdbc.CannotGetJdbcConnectionException: Failed to obtain JDBC Connection; nested exception is com.mysql.cj.jdbc.exceptions.CommunicationsException: Communications link failure&#10;&#10;The last packet sent successfully to the server was 0 milliseconds ago. The driver has not received any packets from the server.&#10;### The error may exist in com/example/mapper/pastMonthMapper.java (best guess)&#10;### The error may involve com.example.mapper.pastMonthMapper.selectPage_mpCount&#10;### The error occurred while executing a query&#10;### Cause: org.springframework.jdbc.CannotGetJdbcConnectionException: Failed to obtain JDBC Connection; nested exception is com.mysql.cj.jdbc.exceptions.CommunicationsException: Communications link failure&#10;&#10;The last packet sent successfully to the server was 0 milliseconds ago. The driver has not received any packets from the server." type="org.mybatis.spring.MyBatisSystemException">org.mybatis.spring.MyBatisSystemException: 
nested exception is org.apache.ibatis.exceptions.PersistenceException: 
### Error querying database.  Cause: org.springframework.jdbc.CannotGetJdbcConnectionException: Failed to obtain JDBC Connection; nested exception is com.mysql.cj.jdbc.exceptions.CommunicationsException: Communications link failure

The last packet sent successfully to the server was 0 milliseconds ago. The driver has not received any packets from the server.
### The error may exist in com/example/mapper/pastMonthMapper.java (best guess)
### The error may involve com.example.mapper.pastMonthMapper.selectPage_mpCount
### The error occurred while executing a query
### Cause: org.springframework.jdbc.CannotGetJdbcConnectionException: Failed to obtain JDBC Connection; nested exception is com.mysql.cj.jdbc.exceptions.CommunicationsException: Communications link failure

The last packet sent successfully to the server was 0 milliseconds ago. The driver has not received any packets from the server.
	at com.example.SciApplicationTests.testSelectPage(SciApplicationTests.java:24)
Caused by: org.apache.ibatis.exceptions.PersistenceException: 

### Error querying database.  Cause: org.springframework.jdbc.CannotGetJdbcConnectionException: Failed to obtain JDBC Connection; nested exception is com.mysql.cj.jdbc.exceptions.CommunicationsException: Communications link failure

The last packet sent successfully to the server was 0 milliseconds ago. The driver has not received any packets from the server.
### The error may exist in com/example/mapper/pastMonthMapper.java (best guess)
### The error may involve com.example.mapper.pastMonthMapper.selectPage_mpCount
### The error occurred while executing a query
### Cause: org.springframework.jdbc.CannotGetJdbcConnectionException: Failed to obtain JDBC Connection; nested exception is com.mysql.cj.jdbc.exceptions.CommunicationsException: Communications link failure

The last packet sent successfully to the server was 0 milliseconds ago. The driver has not received any packets from the server.
	at com.example.SciApplicationTests.testSelectPage(SciApplicationTests.java:24)
Caused by: org.springframework.jdbc.CannotGetJdbcConnectionException: 
Failed to obtain JDBC Connection; nested exception is com.mysql.cj.jdbc.exceptions.CommunicationsException: Communications link failure

The last packet sent successfully to the server was 0 milliseconds ago. The driver has not received any packets from the server.
	at com.example.SciApplicationTests.testSelectPage(SciApplicationTests.java:24)
Caused by: com.mysql.cj.jdbc.exceptions.CommunicationsException: 
Communications link failure

The last packet sent successfully to the server was 0 milliseconds ago. The driver has not received any packets from the server.
	at com.example.SciApplicationTests.testSelectPage(SciApplicationTests.java:24)
Caused by: com.mysql.cj.exceptions.CJCommunicationsException: 
Communications link failure

The last packet sent successfully to the server was 0 milliseconds ago. The driver has not received any packets from the server.
	at com.example.SciApplicationTests.testSelectPage(SciApplicationTests.java:24)
Caused by: java.net.UnknownHostException: mysql
	at com.example.SciApplicationTests.testSelectPage(SciApplicationTests.java:24)
</error>
    <system-out><![CDATA[2023-08-07 22:13:29.978  INFO 5584 --- [           main] com.zaxxer.hikari.HikariDataSource       : HikariPool-1 - Starting...
2023-08-07 22:13:33.787 ERROR 5584 --- [           main] com.zaxxer.hikari.pool.HikariPool        : HikariPool-1 - Exception during pool initialization.

com.mysql.cj.jdbc.exceptions.CommunicationsException: Communications link failure

The last packet sent successfully to the server was 0 milliseconds ago. The driver has not received any packets from the server.
	at com.mysql.cj.jdbc.exceptions.SQLError.createCommunicationsException(SQLError.java:174) ~[mysql-connector-j-8.0.31.jar:8.0.31]
	at com.mysql.cj.jdbc.exceptions.SQLExceptionsMapping.translateException(SQLExceptionsMapping.java:64) ~[mysql-connector-j-8.0.31.jar:8.0.31]
	at com.mysql.cj.jdbc.ConnectionImpl.createNewIO(ConnectionImpl.java:828) ~[mysql-connector-j-8.0.31.jar:8.0.31]
	at com.mysql.cj.jdbc.ConnectionImpl.<init>(ConnectionImpl.java:448) ~[mysql-connector-j-8.0.31.jar:8.0.31]
	at com.mysql.cj.jdbc.ConnectionImpl.getInstance(ConnectionImpl.java:241) ~[mysql-connector-j-8.0.31.jar:8.0.31]
	at com.mysql.cj.jdbc.NonRegisteringDriver.connect(NonRegisteringDriver.java:198) ~[mysql-connector-j-8.0.31.jar:8.0.31]
	at com.zaxxer.hikari.util.DriverDataSource.getConnection(DriverDataSource.java:138) ~[HikariCP-4.0.3.jar:na]
	at com.zaxxer.hikari.pool.PoolBase.newConnection(PoolBase.java:364) ~[HikariCP-4.0.3.jar:na]
	at com.zaxxer.hikari.pool.PoolBase.newPoolEntry(PoolBase.java:206) ~[HikariCP-4.0.3.jar:na]
	at com.zaxxer.hikari.pool.HikariPool.createPoolEntry(HikariPool.java:476) [HikariCP-4.0.3.jar:na]
	at com.zaxxer.hikari.pool.HikariPool.checkFailFast(HikariPool.java:561) [HikariCP-4.0.3.jar:na]
	at com.zaxxer.hikari.pool.HikariPool.<init>(HikariPool.java:115) [HikariCP-4.0.3.jar:na]
	at com.zaxxer.hikari.HikariDataSource.getConnection(HikariDataSource.java:112) [HikariCP-4.0.3.jar:na]
	at org.springframework.jdbc.datasource.DataSourceUtils.fetchConnection(DataSourceUtils.java:159) [spring-jdbc-5.3.23.jar:5.3.23]
	at org.springframework.jdbc.datasource.DataSourceUtils.doGetConnection(DataSourceUtils.java:117) [spring-jdbc-5.3.23.jar:5.3.23]
	at org.springframework.jdbc.datasource.DataSourceUtils.getConnection(DataSourceUtils.java:80) [spring-jdbc-5.3.23.jar:5.3.23]
	at org.mybatis.spring.transaction.SpringManagedTransaction.openConnection(SpringManagedTransaction.java:80) [mybatis-spring-2.0.5.jar:2.0.5]
	at org.mybatis.spring.transaction.SpringManagedTransaction.getConnection(SpringManagedTransaction.java:67) [mybatis-spring-2.0.5.jar:2.0.5]
	at org.apache.ibatis.executor.BaseExecutor.getConnection(BaseExecutor.java:337) [mybatis-3.5.6.jar:3.5.6]
	at com.baomidou.mybatisplus.core.executor.MybatisSimpleExecutor.prepareStatement(MybatisSimpleExecutor.java:93) [mybatis-plus-core-3.4.1.jar:3.4.1]
	at com.baomidou.mybatisplus.core.executor.MybatisSimpleExecutor.doQuery(MybatisSimpleExecutor.java:68) [mybatis-plus-core-3.4.1.jar:3.4.1]
	at org.apache.ibatis.executor.BaseExecutor.queryFromDatabase(BaseExecutor.java:325) [mybatis-3.5.6.jar:3.5.6]
	at org.apache.ibatis.executor.BaseExecutor.query(BaseExecutor.java:156) [mybatis-3.5.6.jar:3.5.6]
	at com.baomidou.mybatisplus.core.executor.MybatisCachingExecutor.query(MybatisCachingExecutor.java:165) [mybatis-plus-core-3.4.1.jar:3.4.1]
	at com.baomidou.mybatisplus.extension.plugins.inner.PaginationInnerInterceptor.willDoQuery(PaginationInnerInterceptor.java:134) [mybatis-plus-extension-3.4.1.jar:3.4.1]
	at com.baomidou.mybatisplus.extension.plugins.MybatisPlusInterceptor.intercept(MybatisPlusInterceptor.java:59) [mybatis-plus-extension-3.4.1.jar:3.4.1]
	at org.apache.ibatis.plugin.Plugin.invoke(Plugin.java:61) [mybatis-3.5.6.jar:3.5.6]
	at com.sun.proxy.$Proxy118.query(Unknown Source) [na:na]
	at org.apache.ibatis.session.defaults.DefaultSqlSession.selectList(DefaultSqlSession.java:147) [mybatis-3.5.6.jar:3.5.6]
	at org.apache.ibatis.session.defaults.DefaultSqlSession.selectList(DefaultSqlSession.java:140) [mybatis-3.5.6.jar:3.5.6]
	at sun.reflect.NativeMethodAccessorImpl.invoke0(Native Method) ~[na:1.8.0_381]
	at sun.reflect.NativeMethodAccessorImpl.invoke(NativeMethodAccessorImpl.java:62) ~[na:1.8.0_381]
	at sun.reflect.DelegatingMethodAccessorImpl.invoke(DelegatingMethodAccessorImpl.java:43) ~[na:1.8.0_381]
	at java.lang.reflect.Method.invoke(Method.java:498) ~[na:1.8.0_381]
	at org.mybatis.spring.SqlSessionTemplate$SqlSessionInterceptor.invoke(SqlSessionTemplate.java:426) [mybatis-spring-2.0.5.jar:2.0.5]
	at com.sun.proxy.$Proxy70.selectList(Unknown Source) [na:na]
	at org.mybatis.spring.SqlSessionTemplate.selectList(SqlSessionTemplate.java:223) [mybatis-spring-2.0.5.jar:2.0.5]
	at com.baomidou.mybatisplus.core.override.MybatisMapperMethod.executeForIPage(MybatisMapperMethod.java:122) [mybatis-plus-core-3.4.1.jar:3.4.1]
	at com.baomidou.mybatisplus.core.override.MybatisMapperMethod.execute(MybatisMapperMethod.java:87) [mybatis-plus-core-3.4.1.jar:3.4.1]
	at com.baomidou.mybatisplus.core.override.MybatisMapperProxy$PlainMethodInvoker.invoke(MybatisMapperProxy.java:148) [mybatis-plus-core-3.4.1.jar:3.4.1]
	at com.baomidou.mybatisplus.core.override.MybatisMapperProxy.invoke(MybatisMapperProxy.java:89) [mybatis-plus-core-3.4.1.jar:3.4.1]
	at com.sun.proxy.$Proxy75.selectPage(Unknown Source) [na:na]
	at com.example.SciApplicationTests.testSelectPage(SciApplicationTests.java:24) [test-classes/:na]
	at sun.reflect.NativeMethodAccessorImpl.invoke0(Native Method) ~[na:1.8.0_381]
	at sun.reflect.NativeMethodAccessorImpl.invoke(NativeMethodAccessorImpl.java:62) ~[na:1.8.0_381]
	at sun.reflect.DelegatingMethodAccessorImpl.invoke(DelegatingMethodAccessorImpl.java:43) ~[na:1.8.0_381]
	at java.lang.reflect.Method.invoke(Method.java:498) ~[na:1.8.0_381]
	at org.junit.platform.commons.util.ReflectionUtils.invokeMethod(ReflectionUtils.java:725) [junit-platform-commons-1.8.2.jar:1.8.2]
	at org.junit.jupiter.engine.execution.MethodInvocation.proceed(MethodInvocation.java:60) [junit-jupiter-engine-5.8.2.jar:5.8.2]
	at org.junit.jupiter.engine.execution.InvocationInterceptorChain$ValidatingInvocation.proceed(InvocationInterceptorChain.java:131) [junit-jupiter-engine-5.8.2.jar:5.8.2]
	at org.junit.jupiter.engine.extension.TimeoutExtension.intercept(TimeoutExtension.java:149) [junit-jupiter-engine-5.8.2.jar:5.8.2]
	at org.junit.jupiter.engine.extension.TimeoutExtension.interceptTestableMethod(TimeoutExtension.java:140) [junit-jupiter-engine-5.8.2.jar:5.8.2]
	at org.junit.jupiter.engine.extension.TimeoutExtension.interceptTestMethod(TimeoutExtension.java:84) [junit-jupiter-engine-5.8.2.jar:5.8.2]
	at org.junit.jupiter.engine.execution.ExecutableInvoker$ReflectiveInterceptorCall.lambda$ofVoidMethod$0(ExecutableInvoker.java:115) ~[junit-jupiter-engine-5.8.2.jar:5.8.2]
	at org.junit.jupiter.engine.execution.ExecutableInvoker.lambda$invoke$0(ExecutableInvoker.java:105) ~[junit-jupiter-engine-5.8.2.jar:5.8.2]
	at org.junit.jupiter.engine.execution.InvocationInterceptorChain$InterceptedInvocation.proceed(InvocationInterceptorChain.java:106) ~[junit-jupiter-engine-5.8.2.jar:5.8.2]
	at org.junit.jupiter.engine.execution.InvocationInterceptorChain.proceed(InvocationInterceptorChain.java:64) ~[junit-jupiter-engine-5.8.2.jar:5.8.2]
	at org.junit.jupiter.engine.execution.InvocationInterceptorChain.chainAndInvoke(InvocationInterceptorChain.java:45) ~[junit-jupiter-engine-5.8.2.jar:5.8.2]
	at org.junit.jupiter.engine.execution.InvocationInterceptorChain.invoke(InvocationInterceptorChain.java:37) ~[junit-jupiter-engine-5.8.2.jar:5.8.2]
	at org.junit.jupiter.engine.execution.ExecutableInvoker.invoke(ExecutableInvoker.java:104) ~[junit-jupiter-engine-5.8.2.jar:5.8.2]
	at org.junit.jupiter.engine.execution.ExecutableInvoker.invoke(ExecutableInvoker.java:98) ~[junit-jupiter-engine-5.8.2.jar:5.8.2]
	at org.junit.jupiter.engine.descriptor.TestMethodTestDescriptor.lambda$invokeTestMethod$7(TestMethodTestDescriptor.java:214) ~[junit-jupiter-engine-5.8.2.jar:5.8.2]
	at org.junit.platform.engine.support.hierarchical.ThrowableCollector.execute(ThrowableCollector.java:73) ~[junit-platform-engine-1.8.2.jar:1.8.2]
	at org.junit.jupiter.engine.descriptor.TestMethodTestDescriptor.invokeTestMethod(TestMethodTestDescriptor.java:210) ~[junit-jupiter-engine-5.8.2.jar:5.8.2]
	at org.junit.jupiter.engine.descriptor.TestMethodTestDescriptor.execute(TestMethodTestDescriptor.java:135) ~[junit-jupiter-engine-5.8.2.jar:5.8.2]
	at org.junit.jupiter.engine.descriptor.TestMethodTestDescriptor.execute(TestMethodTestDescriptor.java:66) ~[junit-jupiter-engine-5.8.2.jar:5.8.2]
	at org.junit.platform.engine.support.hierarchical.NodeTestTask.lambda$executeRecursively$6(NodeTestTask.java:151) ~[junit-platform-engine-1.8.2.jar:1.8.2]
	at org.junit.platform.engine.support.hierarchical.ThrowableCollector.execute(ThrowableCollector.java:73) ~[junit-platform-engine-1.8.2.jar:1.8.2]
	at org.junit.platform.engine.support.hierarchical.NodeTestTask.lambda$executeRecursively$8(NodeTestTask.java:141) ~[junit-platform-engine-1.8.2.jar:1.8.2]
	at org.junit.platform.engine.support.hierarchical.Node.around(Node.java:137) ~[junit-platform-engine-1.8.2.jar:1.8.2]
	at org.junit.platform.engine.support.hierarchical.NodeTestTask.lambda$executeRecursively$9(NodeTestTask.java:139) ~[junit-platform-engine-1.8.2.jar:1.8.2]
	at org.junit.platform.engine.support.hierarchical.ThrowableCollector.execute(ThrowableCollector.java:73) ~[junit-platform-engine-1.8.2.jar:1.8.2]
	at org.junit.platform.engine.support.hierarchical.NodeTestTask.executeRecursively(NodeTestTask.java:138) ~[junit-platform-engine-1.8.2.jar:1.8.2]
	at org.junit.platform.engine.support.hierarchical.NodeTestTask.execute(NodeTestTask.java:95) ~[junit-platform-engine-1.8.2.jar:1.8.2]
	at java.util.ArrayList.forEach(ArrayList.java:1259) ~[na:1.8.0_381]
	at org.junit.platform.engine.support.hierarchical.SameThreadHierarchicalTestExecutorService.invokeAll(SameThreadHierarchicalTestExecutorService.java:41) ~[junit-platform-engine-1.8.2.jar:1.8.2]
	at org.junit.platform.engine.support.hierarchical.NodeTestTask.lambda$executeRecursively$6(NodeTestTask.java:155) ~[junit-platform-engine-1.8.2.jar:1.8.2]
	at org.junit.platform.engine.support.hierarchical.ThrowableCollector.execute(ThrowableCollector.java:73) ~[junit-platform-engine-1.8.2.jar:1.8.2]
	at org.junit.platform.engine.support.hierarchical.NodeTestTask.lambda$executeRecursively$8(NodeTestTask.java:141) ~[junit-platform-engine-1.8.2.jar:1.8.2]
	at org.junit.platform.engine.support.hierarchical.Node.around(Node.java:137) ~[junit-platform-engine-1.8.2.jar:1.8.2]
	at org.junit.platform.engine.support.hierarchical.NodeTestTask.lambda$executeRecursively$9(NodeTestTask.java:139) ~[junit-platform-engine-1.8.2.jar:1.8.2]
	at org.junit.platform.engine.support.hierarchical.ThrowableCollector.execute(ThrowableCollector.java:73) ~[junit-platform-engine-1.8.2.jar:1.8.2]
	at org.junit.platform.engine.support.hierarchical.NodeTestTask.executeRecursively(NodeTestTask.java:138) ~[junit-platform-engine-1.8.2.jar:1.8.2]
	at org.junit.platform.engine.support.hierarchical.NodeTestTask.execute(NodeTestTask.java:95) ~[junit-platform-engine-1.8.2.jar:1.8.2]
	at java.util.ArrayList.forEach(ArrayList.java:1259) ~[na:1.8.0_381]
	at org.junit.platform.engine.support.hierarchical.SameThreadHierarchicalTestExecutorService.invokeAll(SameThreadHierarchicalTestExecutorService.java:41) ~[junit-platform-engine-1.8.2.jar:1.8.2]
	at org.junit.platform.engine.support.hierarchical.NodeTestTask.lambda$executeRecursively$6(NodeTestTask.java:155) ~[junit-platform-engine-1.8.2.jar:1.8.2]
	at org.junit.platform.engine.support.hierarchical.ThrowableCollector.execute(ThrowableCollector.java:73) ~[junit-platform-engine-1.8.2.jar:1.8.2]
	at org.junit.platform.engine.support.hierarchical.NodeTestTask.lambda$executeRecursively$8(NodeTestTask.java:141) ~[junit-platform-engine-1.8.2.jar:1.8.2]
	at org.junit.platform.engine.support.hierarchical.Node.around(Node.java:137) ~[junit-platform-engine-1.8.2.jar:1.8.2]
	at org.junit.platform.engine.support.hierarchical.NodeTestTask.lambda$executeRecursively$9(NodeTestTask.java:139) ~[junit-platform-engine-1.8.2.jar:1.8.2]
	at org.junit.platform.engine.support.hierarchical.ThrowableCollector.execute(ThrowableCollector.java:73) ~[junit-platform-engine-1.8.2.jar:1.8.2]
	at org.junit.platform.engine.support.hierarchical.NodeTestTask.executeRecursively(NodeTestTask.java:138) ~[junit-platform-engine-1.8.2.jar:1.8.2]
	at org.junit.platform.engine.support.hierarchical.NodeTestTask.execute(NodeTestTask.java:95) ~[junit-platform-engine-1.8.2.jar:1.8.2]
	at org.junit.platform.engine.support.hierarchical.SameThreadHierarchicalTestExecutorService.submit(SameThreadHierarchicalTestExecutorService.java:35) ~[junit-platform-engine-1.8.2.jar:1.8.2]
	at org.junit.platform.engine.support.hierarchical.HierarchicalTestExecutor.execute(HierarchicalTestExecutor.java:57) ~[junit-platform-engine-1.8.2.jar:1.8.2]
	at org.junit.platform.engine.support.hierarchical.HierarchicalTestEngine.execute(HierarchicalTestEngine.java:54) ~[junit-platform-engine-1.8.2.jar:1.8.2]
	at org.junit.platform.launcher.core.DefaultLauncher.execute(DefaultLauncher.java:220) ~[junit-platform-launcher-1.3.1.jar:1.3.1]
	at org.junit.platform.launcher.core.DefaultLauncher.lambda$execute$6(DefaultLauncher.java:188) ~[junit-platform-launcher-1.3.1.jar:1.3.1]
	at org.junit.platform.launcher.core.DefaultLauncher.withInterceptedStreams(DefaultLauncher.java:202) ~[junit-platform-launcher-1.3.1.jar:1.3.1]
	at org.junit.platform.launcher.core.DefaultLauncher.execute(DefaultLauncher.java:181) ~[junit-platform-launcher-1.3.1.jar:1.3.1]
	at org.junit.platform.launcher.core.DefaultLauncher.execute(DefaultLauncher.java:128) ~[junit-platform-launcher-1.3.1.jar:1.3.1]
	at org.apache.maven.surefire.junitplatform.JUnitPlatformProvider.invokeAllTests(JUnitPlatformProvider.java:150) ~[surefire-junit-platform-2.22.2.jar:2.22.2]
	at org.apache.maven.surefire.junitplatform.JUnitPlatformProvider.invoke(JUnitPlatformProvider.java:124) ~[surefire-junit-platform-2.22.2.jar:2.22.2]
	at org.apache.maven.surefire.booter.ForkedBooter.invokeProviderInSameClassLoader(ForkedBooter.java:384) ~[surefire-booter-2.22.2.jar:2.22.2]
	at org.apache.maven.surefire.booter.ForkedBooter.runSuitesInProcess(ForkedBooter.java:345) ~[surefire-booter-2.22.2.jar:2.22.2]
	at org.apache.maven.surefire.booter.ForkedBooter.execute(ForkedBooter.java:126) ~[surefire-booter-2.22.2.jar:2.22.2]
	at org.apache.maven.surefire.booter.ForkedBooter.main(ForkedBooter.java:418) ~[surefire-booter-2.22.2.jar:2.22.2]
Caused by: com.mysql.cj.exceptions.CJCommunicationsException: Communications link failure

The last packet sent successfully to the server was 0 milliseconds ago. The driver has not received any packets from the server.
	at sun.reflect.NativeConstructorAccessorImpl.newInstance0(Native Method) ~[na:1.8.0_381]
	at sun.reflect.NativeConstructorAccessorImpl.newInstance(NativeConstructorAccessorImpl.java:62) ~[na:1.8.0_381]
	at sun.reflect.DelegatingConstructorAccessorImpl.newInstance(DelegatingConstructorAccessorImpl.java:45) ~[na:1.8.0_381]
	at java.lang.reflect.Constructor.newInstance(Constructor.java:423) ~[na:1.8.0_381]
	at com.mysql.cj.exceptions.ExceptionFactory.createException(ExceptionFactory.java:61) ~[mysql-connector-j-8.0.31.jar:8.0.31]
	at com.mysql.cj.exceptions.ExceptionFactory.createException(ExceptionFactory.java:105) ~[mysql-connector-j-8.0.31.jar:8.0.31]
	at com.mysql.cj.exceptions.ExceptionFactory.createException(ExceptionFactory.java:151) ~[mysql-connector-j-8.0.31.jar:8.0.31]
	at com.mysql.cj.exceptions.ExceptionFactory.createCommunicationsException(ExceptionFactory.java:167) ~[mysql-connector-j-8.0.31.jar:8.0.31]
	at com.mysql.cj.protocol.a.NativeSocketConnection.connect(NativeSocketConnection.java:89) ~[mysql-connector-j-8.0.31.jar:8.0.31]
	at com.mysql.cj.NativeSession.connect(NativeSession.java:120) ~[mysql-connector-j-8.0.31.jar:8.0.31]
	at com.mysql.cj.jdbc.ConnectionImpl.connectOneTryOnly(ConnectionImpl.java:948) ~[mysql-connector-j-8.0.31.jar:8.0.31]
	at com.mysql.cj.jdbc.ConnectionImpl.createNewIO(ConnectionImpl.java:818) ~[mysql-connector-j-8.0.31.jar:8.0.31]
	... 105 common frames omitted
Caused by: java.net.UnknownHostException: mysql
	at java.net.Inet6AddressImpl.lookupAllHostAddr(Native Method) ~[na:1.8.0_381]
	at java.net.InetAddress$2.lookupAllHostAddr(InetAddress.java:929) ~[na:1.8.0_381]
	at java.net.InetAddress.getAddressesFromNameService(InetAddress.java:1343) ~[na:1.8.0_381]
	at java.net.InetAddress.getAllByName0(InetAddress.java:1295) ~[na:1.8.0_381]
	at java.net.InetAddress.getAllByName(InetAddress.java:1205) ~[na:1.8.0_381]
	at java.net.InetAddress.getAllByName(InetAddress.java:1127) ~[na:1.8.0_381]
	at com.mysql.cj.protocol.StandardSocketFactory.connect(StandardSocketFactory.java:130) ~[mysql-connector-j-8.0.31.jar:8.0.31]
	at com.mysql.cj.protocol.a.NativeSocketConnection.connect(NativeSocketConnection.java:63) ~[mysql-connector-j-8.0.31.jar:8.0.31]
	... 108 common frames omitted

]]></system-out>
  </testcase>
</testsuite>